-------------------------------------------------------------------------------
Test set: techin.tecn.egz.egzjur.EgzJurApplicationTests
-------------------------------------------------------------------------------
Tests run: 1, Failures: 0, Errors: 1, Skipped: 0, Time elapsed: 2.446 s <<< FAILURE! - in techin.tecn.egz.egzjur.EgzJurApplicationTests
contextLoads  Time elapsed: 0.002 s  <<< ERROR!
java.lang.IllegalStateException: Failed to load ApplicationContext
Caused by: org.springframework.beans.factory.UnsatisfiedDependencyException: Error creating bean with name 'animalController' defined in file [C:\Users\Vartotojas\Desktop\egz-jur\target\classes\techin\tecn\egz\egzjur\api\AnimalController.class]: Unsatisfied dependency expressed through constructor parameter 0; nested exception is org.springframework.beans.factory.UnsatisfiedDependencyException: Error creating bean with name 'animalService' defined in file [C:\Users\Vartotojas\Desktop\egz-jur\target\classes\techin\tecn\egz\egzjur\service\AnimalService.class]: Unsatisfied dependency expressed through constructor parameter 0; nested exception is org.springframework.beans.factory.NoSuchBeanDefinitionException: No qualifying bean of type 'techin.tecn.egz.egzjur.dao.AnimalRepository' available: expected at least 1 bean which qualifies as autowire candidate. Dependency annotations: {}
Caused by: org.springframework.beans.factory.UnsatisfiedDependencyException: Error creating bean with name 'animalService' defined in file [C:\Users\Vartotojas\Desktop\egz-jur\target\classes\techin\tecn\egz\egzjur\service\AnimalService.class]: Unsatisfied dependency expressed through constructor parameter 0; nested exception is org.springframework.beans.factory.NoSuchBeanDefinitionException: No qualifying bean of type 'techin.tecn.egz.egzjur.dao.AnimalRepository' available: expected at least 1 bean which qualifies as autowire candidate. Dependency annotations: {}
Caused by: org.springframework.beans.factory.NoSuchBeanDefinitionException: No qualifying bean of type 'techin.tecn.egz.egzjur.dao.AnimalRepository' available: expected at least 1 bean which qualifies as autowire candidate. Dependency annotations: {}

